2023-09-11 11:39:21.966 [info] Log level: Info
2023-09-11 11:39:21.966 [info] Validating found git in: "git"
2023-09-11 11:39:21.966 [info] Using git "2.25.1" from "git"
2023-09-11 11:39:21.966 [info] > git rev-parse --show-toplevel [229ms]
2023-09-11 11:39:22.014 [info] > git rev-parse --git-dir --git-common-dir [13ms]
2023-09-11 11:39:22.083 [info] Open repository: /home/bill/my_list.txt
2023-09-11 11:39:22.150 [info] > git config --get commit.template [43ms]
2023-09-11 11:39:22.155 [info] > git rev-parse --show-toplevel [22ms]
2023-09-11 11:39:22.191 [info] > git rev-parse --git-dir --git-common-dir [5ms]
2023-09-11 11:39:22.210 [info] Open repository: /home/bill
2023-09-11 11:39:22.221 [info] > git for-each-ref --format=%(refname)%00%(upstream:short)%00%(objectname)%00%(upstream:track)%00%(upstream:remotename)%00%(upstream:remoteref) refs/heads/master refs/remotes/master [52ms]
2023-09-11 11:39:22.263 [info] > git status -z -uall [23ms]
2023-09-11 11:39:22.265 [info] > git config --get commit.template [10ms]
2023-09-11 11:39:22.307 [info] > git for-each-ref --format=%(refname)%00%(upstream:short)%00%(objectname)%00%(upstream:track)%00%(upstream:remotename)%00%(upstream:remoteref) refs/heads/main refs/remotes/main [13ms]
2023-09-11 11:39:22.326 [info] > git config --get commit.template [23ms]
2023-09-11 11:39:22.346 [info] > git for-each-ref --format=%(refname)%00%(upstream:short)%00%(objectname)%00%(upstream:track)%00%(upstream:remotename)%00%(upstream:remoteref) refs/heads/master refs/remotes/master [2ms]
2023-09-11 11:39:22.356 [info] > git status -z -uall [2ms]
2023-09-11 11:39:22.815 [info] > git check-ignore -v -z --stdin [33ms]
2023-09-11 11:39:22.829 [info] > git show --textconv :my_list.html [27ms]
2023-09-11 11:39:22.830 [info] > git ls-files --stage -- /home/bill/my_list.html [16ms]
2023-09-11 11:39:22.849 [info] > git cat-file -s 1a59596b6053aa803f39dd902115aadf2ed83a3f [11ms]
2023-09-11 11:39:23.511 [info] > git status -z -uall [1193ms]
2023-09-11 11:39:24.321 [info] > git config --get commit.template [90ms]
2023-09-11 11:39:24.512 [info] > git for-each-ref --format=%(refname)%00%(upstream:short)%00%(objectname)%00%(upstream:track)%00%(upstream:remotename)%00%(upstream:remoteref) refs/heads/main refs/remotes/main [140ms]
2023-09-11 11:39:24.673 [info] > git status -z -uall [146ms]
2023-09-11 11:39:27.480 [info] > git config --get commit.template [3ms]
2023-09-11 11:39:27.491 [info] > git for-each-ref --format=%(refname)%00%(upstream:short)%00%(objectname)%00%(upstream:track)%00%(upstream:remotename)%00%(upstream:remoteref) refs/heads/main refs/remotes/main [1ms]
2023-09-11 11:39:27.539 [info] > git status -z -uall [38ms]
2023-09-11 11:39:51.680 [info] > git config --get commit.template [3ms]
2023-09-11 11:39:51.697 [info] > git for-each-ref --format=%(refname)%00%(upstream:short)%00%(objectname)%00%(upstream:track)%00%(upstream:remotename)%00%(upstream:remoteref) refs/heads/main refs/remotes/main [2ms]
2023-09-11 11:39:51.739 [info] > git status -z -uall [32ms]
2023-09-11 11:39:56.797 [info] > git config --get commit.template [2ms]
2023-09-11 11:39:56.815 [info] > git for-each-ref --format=%(refname)%00%(upstream:short)%00%(objectname)%00%(upstream:track)%00%(upstream:remotename)%00%(upstream:remoteref) refs/heads/main refs/remotes/main [2ms]
2023-09-11 11:39:56.858 [info] > git status -z -uall [33ms]
2023-09-11 11:40:01.917 [info] > git config --get commit.template [10ms]
2023-09-11 11:40:01.918 [info] > git for-each-ref --format=%(refname)%00%(upstream:short)%00%(objectname)%00%(upstream:track)%00%(upstream:remotename)%00%(upstream:remoteref) refs/heads/main refs/remotes/main [4ms]
2023-09-11 11:40:01.959 [info] > git status -z -uall [32ms]
2023-09-11 11:41:40.428 [info] > git config --get commit.template [3ms]
2023-09-11 11:41:40.458 [info] > git for-each-ref --format=%(refname)%00%(upstream:short)%00%(objectname)%00%(upstream:track)%00%(upstream:remotename)%00%(upstream:remoteref) refs/heads/main refs/remotes/main [13ms]
2023-09-11 11:41:40.516 [info] > git status -z -uall [43ms]
2023-09-11 11:41:45.326 [info] > git config --get commit.template [2ms]
2023-09-11 11:41:45.336 [info] > git for-each-ref --format=%(refname)%00%(upstream:short)%00%(objectname)%00%(upstream:track)%00%(upstream:remotename)%00%(upstream:remoteref) refs/heads/master refs/remotes/master [1ms]
2023-09-11 11:41:45.345 [info] > git status -z -uall [2ms]
2023-09-11 11:41:45.599 [info] > git config --get commit.template [9ms]
2023-09-11 11:41:45.600 [info] > git for-each-ref --format=%(refname)%00%(upstream:short)%00%(objectname)%00%(upstream:track)%00%(upstream:remotename)%00%(upstream:remoteref) refs/heads/main refs/remotes/main [2ms]
2023-09-11 11:41:45.644 [info] > git status -z -uall [37ms]
2023-09-11 11:41:50.708 [info] > git config --get commit.template [9ms]
2023-09-11 11:41:50.709 [info] > git for-each-ref --format=%(refname)%00%(upstream:short)%00%(objectname)%00%(upstream:track)%00%(upstream:remotename)%00%(upstream:remoteref) refs/heads/main refs/remotes/main [3ms]
2023-09-11 11:41:50.745 [info] > git status -z -uall [28ms]
2023-09-11 11:41:55.815 [info] > git config --get commit.template [16ms]
2023-09-11 11:41:55.816 [info] > git for-each-ref --format=%(refname)%00%(upstream:short)%00%(objectname)%00%(upstream:track)%00%(upstream:remotename)%00%(upstream:remoteref) refs/heads/main refs/remotes/main [3ms]
2023-09-11 11:41:55.857 [info] > git status -z -uall [31ms]
2023-09-11 11:42:00.911 [info] > git config --get commit.template [10ms]
2023-09-11 11:42:00.913 [info] > git for-each-ref --format=%(refname)%00%(upstream:short)%00%(objectname)%00%(upstream:track)%00%(upstream:remotename)%00%(upstream:remoteref) refs/heads/main refs/remotes/main [2ms]
2023-09-11 11:42:00.955 [info] > git status -z -uall [34ms]
2023-09-11 11:42:06.036 [info] > git config --get commit.template [24ms]
2023-09-11 11:42:06.039 [info] > git for-each-ref --format=%(refname)%00%(upstream:short)%00%(objectname)%00%(upstream:track)%00%(upstream:remotename)%00%(upstream:remoteref) refs/heads/main refs/remotes/main [3ms]
2023-09-11 11:42:06.100 [info] > git status -z -uall [44ms]
2023-09-11 11:42:09.101 [info] > git check-ignore -v -z --stdin [3ms]
2023-09-11 11:42:11.151 [info] > git config --get commit.template [3ms]
2023-09-11 11:42:11.165 [info] > git for-each-ref --format=%(refname)%00%(upstream:short)%00%(objectname)%00%(upstream:track)%00%(upstream:remotename)%00%(upstream:remoteref) refs/heads/main refs/remotes/main [3ms]
2023-09-11 11:42:11.220 [info] > git status -z -uall [46ms]
2023-09-11 11:42:16.281 [info] > git config --get commit.template [1ms]
2023-09-11 11:42:16.293 [info] > git for-each-ref --format=%(refname)%00%(upstream:short)%00%(objectname)%00%(upstream:track)%00%(upstream:remotename)%00%(upstream:remoteref) refs/heads/main refs/remotes/main [2ms]
2023-09-11 11:42:16.334 [info] > git status -z -uall [31ms]
2023-09-11 11:42:21.411 [info] > git config --get commit.template [18ms]
2023-09-11 11:42:21.413 [info] > git for-each-ref --format=%(refname)%00%(upstream:short)%00%(objectname)%00%(upstream:track)%00%(upstream:remotename)%00%(upstream:remoteref) refs/heads/main refs/remotes/main [5ms]
2023-09-11 11:42:21.454 [info] > git status -z -uall [29ms]
2023-09-11 11:42:23.321 [info] > git push -u origin master [163ms]
2023-09-11 11:42:23.321 [info] error: src refspec master does not match any
error: failed to push some refs to 'https://github.com/bill-arnold/my_list.txt.git'
2023-09-11 11:42:23.347 [info] > git config --get commit.template [9ms]
2023-09-11 11:42:23.347 [info] > git for-each-ref --format=%(refname)%00%(upstream:short)%00%(objectname)%00%(upstream:track)%00%(upstream:remotename)%00%(upstream:remoteref) refs/heads/master refs/remotes/master [2ms]
2023-09-11 11:42:23.357 [info] > git status -z -uall [1ms]
2023-09-11 11:42:41.869 [info] > git config --get commit.template [11ms]
2023-09-11 11:42:41.871 [info] > git for-each-ref --format=%(refname)%00%(upstream:short)%00%(objectname)%00%(upstream:track)%00%(upstream:remotename)%00%(upstream:remoteref) refs/heads/main refs/remotes/main [5ms]
2023-09-11 11:42:41.925 [info] > git status -z -uall [46ms]
2023-09-11 11:42:47.023 [info] > git config --get commit.template [2ms]
2023-09-11 11:42:47.035 [info] > git for-each-ref --format=%(refname)%00%(upstream:short)%00%(objectname)%00%(upstream:track)%00%(upstream:remotename)%00%(upstream:remoteref) refs/heads/main refs/remotes/main [3ms]
2023-09-11 11:42:47.094 [info] > git status -z -uall [47ms]
2023-09-11 11:42:52.193 [info] > git config --get commit.template [11ms]
2023-09-11 11:42:52.196 [info] > git for-each-ref --format=%(refname)%00%(upstream:short)%00%(objectname)%00%(upstream:track)%00%(upstream:remotename)%00%(upstream:remoteref) refs/heads/main refs/remotes/main [5ms]
2023-09-11 11:42:52.277 [info] > git status -z -uall [70ms]
2023-09-11 11:42:59.666 [info] > git add -A -- . [2598ms]
2023-09-11 11:42:59.666 [info] warning: adding embedded git repository: Development/code/phase0/phase-0-completing-assignments-learn-lab-gem
hint: You've added another git repository inside your current repository.
hint: Clones of the outer repository will not contain the contents of
hint: the embedded repository and will not know how to obtain it.
hint: If you meant to add a submodule, use:
hint: 
hint: 	git submodule add <url> Development/code/phase0/phase-0-completing-assignments-learn-lab-gem
hint: 
hint: If you added this path by mistake, you can remove it from the
hint: index with:
hint: 
hint: 	git rm --cached Development/code/phase0/phase-0-completing-assignments-learn-lab-gem
hint: 
hint: See "git help submodule" for more information.
warning: adding embedded git repository: my-repository
error: 'my_list.txt/' does not have a commit checked out
fatal: adding files failed
2023-09-11 11:42:59.690 [info] > git config --get commit.template [12ms]
2023-09-11 11:42:59.691 [info] > git for-each-ref --format=%(refname)%00%(upstream:short)%00%(objectname)%00%(upstream:track)%00%(upstream:remotename)%00%(upstream:remoteref) refs/heads/main refs/remotes/main [2ms]
2023-09-11 11:42:59.742 [info] > git status -z -uall [43ms]
2023-09-11 11:42:59.814 [info] > git config --get commit.template [3ms]
2023-09-11 11:42:59.828 [info] > git for-each-ref --format=%(refname)%00%(upstream:short)%00%(objectname)%00%(upstream:track)%00%(upstream:remotename)%00%(upstream:remoteref) refs/heads/main refs/remotes/main [4ms]
2023-09-11 11:43:00.490 [info] > git status -z -uall [653ms]
2023-09-11 11:43:05.636 [info] > git config --get commit.template [13ms]
2023-09-11 11:43:05.639 [info] > git for-each-ref --format=%(refname)%00%(upstream:short)%00%(objectname)%00%(upstream:track)%00%(upstream:remotename)%00%(upstream:remoteref) refs/heads/main refs/remotes/main [5ms]
2023-09-11 11:43:05.723 [info] > git status -z -uall [69ms]
2023-09-11 11:43:18.810 [info] > git config --get commit.template [22ms]
2023-09-11 11:43:18.828 [info] > git for-each-ref --format=%(refname)%00%(upstream:short)%00%(objectname)%00%(upstream:track)%00%(upstream:remotename)%00%(upstream:remoteref) refs/heads/main refs/remotes/main [5ms]
2023-09-11 11:43:18.950 [info] > git status -z -uall [105ms]
2023-09-11 11:43:20.558 [info] > git add -A -- . [1749ms]
2023-09-11 11:43:20.559 [info] warning: adding embedded git repository: Development/code/phase0/phase-0-completing-assignments-learn-lab-gem
hint: You've added another git repository inside your current repository.
hint: Clones of the outer repository will not contain the contents of
hint: the embedded repository and will not know how to obtain it.
hint: If you meant to add a submodule, use:
hint: 
hint: 	git submodule add <url> Development/code/phase0/phase-0-completing-assignments-learn-lab-gem
hint: 
hint: If you added this path by mistake, you can remove it from the
hint: index with:
hint: 
hint: 	git rm --cached Development/code/phase0/phase-0-completing-assignments-learn-lab-gem
hint: 
hint: See "git help submodule" for more information.
warning: adding embedded git repository: my-repository
error: 'my_list.txt/' does not have a commit checked out
fatal: adding files failed
2023-09-11 11:43:20.575 [info] > git config --get commit.template [2ms]
2023-09-11 11:43:20.594 [info] > git for-each-ref --format=%(refname)%00%(upstream:short)%00%(objectname)%00%(upstream:track)%00%(upstream:remotename)%00%(upstream:remoteref) refs/heads/main refs/remotes/main [5ms]
2023-09-11 11:43:20.665 [info] > git status -z -uall [54ms]
2023-09-11 11:43:59.906 [info] > git config --get commit.template [2ms]
2023-09-11 11:43:59.919 [info] > git for-each-ref --format=%(refname)%00%(upstream:short)%00%(objectname)%00%(upstream:track)%00%(upstream:remotename)%00%(upstream:remoteref) refs/heads/main refs/remotes/main [2ms]
2023-09-11 11:43:59.997 [info] > git status -z -uall [63ms]
2023-09-11 11:44:05.096 [info] > git config --get commit.template [11ms]
2023-09-11 11:44:05.097 [info] > git for-each-ref --format=%(refname)%00%(upstream:short)%00%(objectname)%00%(upstream:track)%00%(upstream:remotename)%00%(upstream:remoteref) refs/heads/main refs/remotes/main [2ms]
2023-09-11 11:44:05.148 [info] > git status -z -uall [44ms]
2023-09-11 11:44:10.210 [info] > git config --get commit.template [2ms]
2023-09-11 11:44:10.222 [info] > git for-each-ref --format=%(refname)%00%(upstream:short)%00%(objectname)%00%(upstream:track)%00%(upstream:remotename)%00%(upstream:remoteref) refs/heads/main refs/remotes/main [2ms]
2023-09-11 11:44:10.275 [info] > git status -z -uall [43ms]
2023-09-11 11:44:15.371 [info] > git config --get commit.template [3ms]
2023-09-11 11:44:15.384 [info] > git for-each-ref --format=%(refname)%00%(upstream:short)%00%(objectname)%00%(upstream:track)%00%(upstream:remotename)%00%(upstream:remoteref) refs/heads/main refs/remotes/main [3ms]
2023-09-11 11:44:15.459 [info] > git status -z -uall [61ms]
2023-09-11 11:44:20.529 [info] > git config --get commit.template [11ms]
2023-09-11 11:44:20.530 [info] > git for-each-ref --format=%(refname)%00%(upstream:short)%00%(objectname)%00%(upstream:track)%00%(upstream:remotename)%00%(upstream:remoteref) refs/heads/main refs/remotes/main [2ms]
2023-09-11 11:44:20.566 [info] > git status -z -uall [27ms]
2023-09-11 11:44:25.629 [info] > git config --get commit.template [13ms]
2023-09-11 11:44:25.630 [info] > git for-each-ref --format=%(refname)%00%(upstream:short)%00%(objectname)%00%(upstream:track)%00%(upstream:remotename)%00%(upstream:remoteref) refs/heads/main refs/remotes/main [3ms]
2023-09-11 11:44:25.680 [info] > git status -z -uall [39ms]
2023-09-11 11:44:30.729 [info] > git config --get commit.template [2ms]
2023-09-11 11:44:30.740 [info] > git for-each-ref --format=%(refname)%00%(upstream:short)%00%(objectname)%00%(upstream:track)%00%(upstream:remotename)%00%(upstream:remoteref) refs/heads/main refs/remotes/main [2ms]
2023-09-11 11:44:30.782 [info] > git status -z -uall [33ms]
2023-09-11 11:44:35.852 [info] > git config --get commit.template [4ms]
2023-09-11 11:44:35.876 [info] > git for-each-ref --format=%(refname)%00%(upstream:short)%00%(objectname)%00%(upstream:track)%00%(upstream:remotename)%00%(upstream:remoteref) refs/heads/main refs/remotes/main [5ms]
2023-09-11 11:44:35.922 [info] > git status -z -uall [34ms]
2023-09-11 11:44:40.988 [info] > git config --get commit.template [11ms]
2023-09-11 11:44:40.989 [info] > git for-each-ref --format=%(refname)%00%(upstream:short)%00%(objectname)%00%(upstream:track)%00%(upstream:remotename)%00%(upstream:remoteref) refs/heads/main refs/remotes/main [2ms]
2023-09-11 11:44:41.038 [info] > git status -z -uall [41ms]
2023-09-11 11:44:46.101 [info] > git config --get commit.template [11ms]
2023-09-11 11:44:46.102 [info] > git for-each-ref --format=%(refname)%00%(upstream:short)%00%(objectname)%00%(upstream:track)%00%(upstream:remotename)%00%(upstream:remoteref) refs/heads/main refs/remotes/main [2ms]
2023-09-11 11:44:46.140 [info] > git status -z -uall [29ms]
2023-09-11 11:50:26.405 [info] > git config --get commit.template [14ms]
2023-09-11 11:50:26.406 [info] > git for-each-ref --format=%(refname)%00%(upstream:short)%00%(objectname)%00%(upstream:track)%00%(upstream:remotename)%00%(upstream:remoteref) refs/heads/main refs/remotes/main [4ms]
2023-09-11 11:50:26.450 [info] > git status -z -uall [33ms]
2023-09-11 11:50:31.557 [info] > git config --get commit.template [21ms]
2023-09-11 11:50:31.558 [info] > git for-each-ref --format=%(refname)%00%(upstream:short)%00%(objectname)%00%(upstream:track)%00%(upstream:remotename)%00%(upstream:remoteref) refs/heads/main refs/remotes/main [3ms]
2023-09-11 11:50:31.600 [info] > git status -z -uall [32ms]
2023-09-11 11:50:36.665 [info] > git config --get commit.template [16ms]
2023-09-11 11:50:36.667 [info] > git for-each-ref --format=%(refname)%00%(upstream:short)%00%(objectname)%00%(upstream:track)%00%(upstream:remotename)%00%(upstream:remoteref) refs/heads/main refs/remotes/main [3ms]
2023-09-11 11:50:36.710 [info] > git status -z -uall [33ms]
2023-09-11 11:50:41.770 [info] > git config --get commit.template [11ms]
2023-09-11 11:50:41.771 [info] > git for-each-ref --format=%(refname)%00%(upstream:short)%00%(objectname)%00%(upstream:track)%00%(upstream:remotename)%00%(upstream:remoteref) refs/heads/main refs/remotes/main [3ms]
2023-09-11 11:50:41.828 [info] > git status -z -uall [49ms]
2023-09-11 11:50:46.891 [info] > git config --get commit.template [13ms]
2023-09-11 11:50:46.893 [info] > git for-each-ref --format=%(refname)%00%(upstream:short)%00%(objectname)%00%(upstream:track)%00%(upstream:remotename)%00%(upstream:remoteref) refs/heads/main refs/remotes/main [3ms]
2023-09-11 11:50:46.964 [info] > git status -z -uall [56ms]
2023-09-11 11:50:52.047 [info] > git config --get commit.template [10ms]
2023-09-11 11:50:52.047 [info] > git for-each-ref --format=%(refname)%00%(upstream:short)%00%(objectname)%00%(upstream:track)%00%(upstream:remotename)%00%(upstream:remoteref) refs/heads/main refs/remotes/main [1ms]
2023-09-11 11:50:52.087 [info] > git status -z -uall [32ms]
2023-09-11 11:50:57.133 [info] > git config --get commit.template [1ms]
2023-09-11 11:50:57.144 [info] > git for-each-ref --format=%(refname)%00%(upstream:short)%00%(objectname)%00%(upstream:track)%00%(upstream:remotename)%00%(upstream:remoteref) refs/heads/main refs/remotes/main [3ms]
2023-09-11 11:50:57.178 [info] > git status -z -uall [26ms]
2023-09-11 11:51:02.231 [info] > git config --get commit.template [2ms]
2023-09-11 11:51:02.242 [info] > git for-each-ref --format=%(refname)%00%(upstream:short)%00%(objectname)%00%(upstream:track)%00%(upstream:remotename)%00%(upstream:remoteref) refs/heads/main refs/remotes/main [1ms]
2023-09-11 11:51:02.277 [info] > git status -z -uall [27ms]
2023-09-11 11:51:07.336 [info] > git config --get commit.template [10ms]
2023-09-11 11:51:07.337 [info] > git for-each-ref --format=%(refname)%00%(upstream:short)%00%(objectname)%00%(upstream:track)%00%(upstream:remotename)%00%(upstream:remoteref) refs/heads/main refs/remotes/main [1ms]
2023-09-11 11:51:07.375 [info] > git status -z -uall [28ms]
2023-09-11 11:51:12.434 [info] > git config --get commit.template [9ms]
2023-09-11 11:51:12.434 [info] > git for-each-ref --format=%(refname)%00%(upstream:short)%00%(objectname)%00%(upstream:track)%00%(upstream:remotename)%00%(upstream:remoteref) refs/heads/main refs/remotes/main [2ms]
2023-09-11 11:51:12.470 [info] > git status -z -uall [27ms]
2023-09-11 11:51:17.525 [info] > git config --get commit.template [9ms]
2023-09-11 11:51:17.526 [info] > git for-each-ref --format=%(refname)%00%(upstream:short)%00%(objectname)%00%(upstream:track)%00%(upstream:remotename)%00%(upstream:remoteref) refs/heads/main refs/remotes/main [2ms]
2023-09-11 11:51:17.572 [info] > git status -z -uall [38ms]
2023-09-11 11:51:22.636 [info] > git config --get commit.template [13ms]
2023-09-11 11:51:22.638 [info] > git for-each-ref --format=%(refname)%00%(upstream:short)%00%(objectname)%00%(upstream:track)%00%(upstream:remotename)%00%(upstream:remoteref) refs/heads/main refs/remotes/main [2ms]
2023-09-11 11:51:22.677 [info] > git status -z -uall [29ms]
2023-09-11 11:51:27.746 [info] > git config --get commit.template [15ms]
2023-09-11 11:51:27.747 [info] > git for-each-ref --format=%(refname)%00%(upstream:short)%00%(objectname)%00%(upstream:track)%00%(upstream:remotename)%00%(upstream:remoteref) refs/heads/main refs/remotes/main [3ms]
2023-09-11 11:51:27.784 [info] > git status -z -uall [28ms]
2023-09-11 11:51:33.347 [info] > git config --get commit.template [3ms]
2023-09-11 11:51:33.360 [info] > git for-each-ref --format=%(refname)%00%(upstream:short)%00%(objectname)%00%(upstream:track)%00%(upstream:remotename)%00%(upstream:remoteref) refs/heads/main refs/remotes/main [2ms]
2023-09-11 11:51:33.401 [info] > git status -z -uall [31ms]
2023-09-11 11:51:38.464 [info] > git config --get commit.template [11ms]
2023-09-11 11:51:38.465 [info] > git for-each-ref --format=%(refname)%00%(upstream:short)%00%(objectname)%00%(upstream:track)%00%(upstream:remotename)%00%(upstream:remoteref) refs/heads/main refs/remotes/main [3ms]
2023-09-11 11:51:38.503 [info] > git status -z -uall [30ms]
2023-09-11 11:51:43.563 [info] > git config --get commit.template [12ms]
2023-09-11 11:51:43.564 [info] > git for-each-ref --format=%(refname)%00%(upstream:short)%00%(objectname)%00%(upstream:track)%00%(upstream:remotename)%00%(upstream:remoteref) refs/heads/main refs/remotes/main [2ms]
2023-09-11 11:51:43.605 [info] > git status -z -uall [31ms]
2023-09-11 11:51:48.683 [info] > git config --get commit.template [6ms]
2023-09-11 11:51:48.698 [info] > git for-each-ref --format=%(refname)%00%(upstream:short)%00%(objectname)%00%(upstream:track)%00%(upstream:remotename)%00%(upstream:remoteref) refs/heads/main refs/remotes/main [3ms]
2023-09-11 11:51:48.769 [info] > git status -z -uall [52ms]
2023-09-11 11:51:53.856 [info] > git config --get commit.template [16ms]
2023-09-11 11:51:53.858 [info] > git for-each-ref --format=%(refname)%00%(upstream:short)%00%(objectname)%00%(upstream:track)%00%(upstream:remotename)%00%(upstream:remoteref) refs/heads/main refs/remotes/main [3ms]
2023-09-11 11:51:53.924 [info] > git status -z -uall [49ms]
2023-09-11 11:51:58.982 [info] > git config --get commit.template [12ms]
2023-09-11 11:51:58.983 [info] > git for-each-ref --format=%(refname)%00%(upstream:short)%00%(objectname)%00%(upstream:track)%00%(upstream:remotename)%00%(upstream:remoteref) refs/heads/main refs/remotes/main [2ms]
2023-09-11 11:51:59.020 [info] > git status -z -uall [28ms]
2023-09-11 11:52:04.065 [info] > git config --get commit.template [3ms]
2023-09-11 11:52:04.075 [info] > git for-each-ref --format=%(refname)%00%(upstream:short)%00%(objectname)%00%(upstream:track)%00%(upstream:remotename)%00%(upstream:remoteref) refs/heads/main refs/remotes/main [1ms]
2023-09-11 11:52:04.111 [info] > git status -z -uall [27ms]
2023-09-11 11:52:09.175 [info] > git config --get commit.template [10ms]
2023-09-11 11:52:09.177 [info] > git for-each-ref --format=%(refname)%00%(upstream:short)%00%(objectname)%00%(upstream:track)%00%(upstream:remotename)%00%(upstream:remoteref) refs/heads/main refs/remotes/main [2ms]
2023-09-11 11:52:09.213 [info] > git status -z -uall [28ms]
2023-09-11 11:52:14.273 [info] > git config --get commit.template [10ms]
2023-09-11 11:52:14.274 [info] > git for-each-ref --format=%(refname)%00%(upstream:short)%00%(objectname)%00%(upstream:track)%00%(upstream:remotename)%00%(upstream:remoteref) refs/heads/main refs/remotes/main [1ms]
2023-09-11 11:52:14.311 [info] > git status -z -uall [29ms]
2023-09-11 11:52:19.883 [info] > git config --get commit.template [10ms]
2023-09-11 11:52:19.884 [info] > git for-each-ref --format=%(refname)%00%(upstream:short)%00%(objectname)%00%(upstream:track)%00%(upstream:remotename)%00%(upstream:remoteref) refs/heads/main refs/remotes/main [3ms]
2023-09-11 11:52:19.920 [info] > git status -z -uall [27ms]
2023-09-11 11:52:24.975 [info] > git config --get commit.template [10ms]
2023-09-11 11:52:24.976 [info] > git for-each-ref --format=%(refname)%00%(upstream:short)%00%(objectname)%00%(upstream:track)%00%(upstream:remotename)%00%(upstream:remoteref) refs/heads/main refs/remotes/main [2ms]
2023-09-11 11:52:25.013 [info] > git status -z -uall [28ms]
2023-09-11 11:52:30.086 [info] > git config --get commit.template [25ms]
2023-09-11 11:52:30.087 [info] > git for-each-ref --format=%(refname)%00%(upstream:short)%00%(objectname)%00%(upstream:track)%00%(upstream:remotename)%00%(upstream:remoteref) refs/heads/main refs/remotes/main [5ms]
2023-09-11 11:52:30.132 [info] > git status -z -uall [33ms]
2023-09-11 11:52:35.195 [info] > git config --get commit.template [14ms]
2023-09-11 11:52:35.196 [info] > git for-each-ref --format=%(refname)%00%(upstream:short)%00%(objectname)%00%(upstream:track)%00%(upstream:remotename)%00%(upstream:remoteref) refs/heads/main refs/remotes/main [3ms]
2023-09-11 11:52:35.240 [info] > git status -z -uall [32ms]
2023-09-11 11:52:40.301 [info] > git config --get commit.template [11ms]
2023-09-11 11:52:40.302 [info] > git for-each-ref --format=%(refname)%00%(upstream:short)%00%(objectname)%00%(upstream:track)%00%(upstream:remotename)%00%(upstream:remoteref) refs/heads/main refs/remotes/main [2ms]
2023-09-11 11:52:40.338 [info] > git status -z -uall [28ms]
2023-09-11 11:52:45.392 [info] > git config --get commit.template [5ms]
2023-09-11 11:52:45.407 [info] > git for-each-ref --format=%(refname)%00%(upstream:short)%00%(objectname)%00%(upstream:track)%00%(upstream:remotename)%00%(upstream:remoteref) refs/heads/main refs/remotes/main [3ms]
2023-09-11 11:52:45.474 [info] > git status -z -uall [53ms]
2023-09-11 11:52:51.172 [info] > git config --get commit.template [10ms]
2023-09-11 11:52:51.173 [info] > git for-each-ref --format=%(refname)%00%(upstream:short)%00%(objectname)%00%(upstream:track)%00%(upstream:remotename)%00%(upstream:remoteref) refs/heads/main refs/remotes/main [3ms]
2023-09-11 11:52:51.208 [info] > git status -z -uall [27ms]
2023-09-11 11:52:56.277 [info] > git config --get commit.template [18ms]
2023-09-11 11:52:56.279 [info] > git for-each-ref --format=%(refname)%00%(upstream:short)%00%(objectname)%00%(upstream:track)%00%(upstream:remotename)%00%(upstream:remoteref) refs/heads/main refs/remotes/main [2ms]
2023-09-11 11:52:56.320 [info] > git status -z -uall [30ms]
2023-09-11 11:53:01.372 [info] > git config --get commit.template [2ms]
2023-09-11 11:53:01.383 [info] > git for-each-ref --format=%(refname)%00%(upstream:short)%00%(objectname)%00%(upstream:track)%00%(upstream:remotename)%00%(upstream:remoteref) refs/heads/main refs/remotes/main [1ms]
2023-09-11 11:53:01.418 [info] > git status -z -uall [27ms]
2023-09-11 11:53:06.477 [info] > git config --get commit.template [14ms]
2023-09-11 11:53:06.478 [info] > git for-each-ref --format=%(refname)%00%(upstream:short)%00%(objectname)%00%(upstream:track)%00%(upstream:remotename)%00%(upstream:remoteref) refs/heads/main refs/remotes/main [2ms]
2023-09-11 11:53:06.523 [info] > git status -z -uall [35ms]
2023-09-11 11:53:11.593 [info] > git config --get commit.template [14ms]
2023-09-11 11:53:11.596 [info] > git for-each-ref --format=%(refname)%00%(upstream:short)%00%(objectname)%00%(upstream:track)%00%(upstream:remotename)%00%(upstream:remoteref) refs/heads/main refs/remotes/main [4ms]
2023-09-11 11:53:11.637 [info] > git status -z -uall [30ms]
2023-09-11 11:54:54.375 [info] > git config --get commit.template [11ms]
2023-09-11 11:54:54.376 [info] > git for-each-ref --format=%(refname)%00%(upstream:short)%00%(objectname)%00%(upstream:track)%00%(upstream:remotename)%00%(upstream:remoteref) refs/heads/main refs/remotes/main [2ms]
2023-09-11 11:54:54.422 [info] > git status -z -uall [35ms]
2023-09-11 11:54:59.489 [info] > git config --get commit.template [3ms]
2023-09-11 11:54:59.499 [info] > git for-each-ref --format=%(refname)%00%(upstream:short)%00%(objectname)%00%(upstream:track)%00%(upstream:remotename)%00%(upstream:remoteref) refs/heads/main refs/remotes/main [1ms]
2023-09-11 11:54:59.538 [info] > git status -z -uall [29ms]
2023-09-11 11:55:04.599 [info] > git config --get commit.template [12ms]
2023-09-11 11:55:04.601 [info] > git for-each-ref --format=%(refname)%00%(upstream:short)%00%(objectname)%00%(upstream:track)%00%(upstream:remotename)%00%(upstream:remoteref) refs/heads/main refs/remotes/main [2ms]
2023-09-11 11:55:04.690 [info] > git status -z -uall [80ms]
2023-09-11 11:55:09.765 [info] > git config --get commit.template [10ms]
2023-09-11 11:55:09.766 [info] > git for-each-ref --format=%(refname)%00%(upstream:short)%00%(objectname)%00%(upstream:track)%00%(upstream:remotename)%00%(upstream:remoteref) refs/heads/main refs/remotes/main [2ms]
2023-09-11 11:55:09.804 [info] > git status -z -uall [31ms]
2023-09-11 11:55:14.855 [info] > git config --get commit.template [2ms]
2023-09-11 11:55:14.865 [info] > git for-each-ref --format=%(refname)%00%(upstream:short)%00%(objectname)%00%(upstream:track)%00%(upstream:remotename)%00%(upstream:remoteref) refs/heads/main refs/remotes/main [2ms]
2023-09-11 11:55:14.907 [info] > git status -z -uall [34ms]
2023-09-11 11:55:19.969 [info] > git config --get commit.template [11ms]
2023-09-11 11:55:19.969 [info] > git for-each-ref --format=%(refname)%00%(upstream:short)%00%(objectname)%00%(upstream:track)%00%(upstream:remotename)%00%(upstream:remoteref) refs/heads/main refs/remotes/main [2ms]
2023-09-11 11:55:20.007 [info] > git status -z -uall [30ms]
2023-09-11 11:55:25.588 [info] > git config --get commit.template [8ms]
2023-09-11 11:55:25.604 [info] > git for-each-ref --format=%(refname)%00%(upstream:short)%00%(objectname)%00%(upstream:track)%00%(upstream:remotename)%00%(upstream:remoteref) refs/heads/main refs/remotes/main [2ms]
2023-09-11 11:55:25.676 [info] > git status -z -uall [58ms]
2023-09-11 11:55:30.807 [info] > git config --get commit.template [5ms]
2023-09-11 11:55:30.820 [info] > git for-each-ref --format=%(refname)%00%(upstream:short)%00%(objectname)%00%(upstream:track)%00%(upstream:remotename)%00%(upstream:remoteref) refs/heads/main refs/remotes/main [2ms]
2023-09-11 11:55:30.861 [info] > git status -z -uall [31ms]
2023-09-11 11:55:35.919 [info] > git config --get commit.template [13ms]
2023-09-11 11:55:35.921 [info] > git for-each-ref --format=%(refname)%00%(upstream:short)%00%(objectname)%00%(upstream:track)%00%(upstream:remotename)%00%(upstream:remoteref) refs/heads/main refs/remotes/main [3ms]
2023-09-11 11:55:35.966 [info] > git status -z -uall [36ms]
2023-09-11 11:55:43.618 [info] > git config --get commit.template [13ms]
2023-09-11 11:55:43.619 [info] > git for-each-ref --format=%(refname)%00%(upstream:short)%00%(objectname)%00%(upstream:track)%00%(upstream:remotename)%00%(upstream:remoteref) refs/heads/main refs/remotes/main [2ms]
2023-09-11 11:55:43.654 [info] > git status -z -uall [27ms]
2023-09-11 11:55:48.710 [info] > git config --get commit.template [11ms]
2023-09-11 11:55:48.711 [info] > git for-each-ref --format=%(refname)%00%(upstream:short)%00%(objectname)%00%(upstream:track)%00%(upstream:remotename)%00%(upstream:remoteref) refs/heads/main refs/remotes/main [3ms]
2023-09-11 11:55:48.748 [info] > git status -z -uall [28ms]
2023-09-11 11:56:03.068 [info] > git config --get commit.template [2ms]
2023-09-11 11:56:03.081 [info] > git for-each-ref --format=%(refname)%00%(upstream:short)%00%(objectname)%00%(upstream:track)%00%(upstream:remotename)%00%(upstream:remoteref) refs/heads/main refs/remotes/main [2ms]
2023-09-11 11:56:03.120 [info] > git status -z -uall [31ms]
2023-09-11 11:56:06.076 [info] > git config --get commit.template [3ms]
2023-09-11 11:56:06.088 [info] > git for-each-ref --format=%(refname)%00%(upstream:short)%00%(objectname)%00%(upstream:track)%00%(upstream:remotename)%00%(upstream:remoteref) refs/heads/master refs/remotes/master [1ms]
2023-09-11 11:56:06.099 [info] > git status -z -uall [2ms]
2023-09-11 11:56:08.195 [info] > git config --get commit.template [11ms]
2023-09-11 11:56:08.197 [info] > git for-each-ref --format=%(refname)%00%(upstream:short)%00%(objectname)%00%(upstream:track)%00%(upstream:remotename)%00%(upstream:remoteref) refs/heads/main refs/remotes/main [2ms]
2023-09-11 11:56:08.232 [info] > git status -z -uall [27ms]
2023-09-11 11:56:13.286 [info] > git config --get commit.template [2ms]
2023-09-11 11:56:13.297 [info] > git for-each-ref --format=%(refname)%00%(upstream:short)%00%(objectname)%00%(upstream:track)%00%(upstream:remotename)%00%(upstream:remoteref) refs/heads/main refs/remotes/main [2ms]
2023-09-11 11:56:13.332 [info] > git status -z -uall [27ms]
2023-09-11 11:56:18.407 [info] > git config --get commit.template [15ms]
2023-09-11 11:56:18.408 [info] > git for-each-ref --format=%(refname)%00%(upstream:short)%00%(objectname)%00%(upstream:track)%00%(upstream:remotename)%00%(upstream:remoteref) refs/heads/main refs/remotes/main [4ms]
2023-09-11 11:56:18.452 [info] > git status -z -uall [34ms]
2023-09-11 11:56:23.511 [info] > git config --get commit.template [2ms]
2023-09-11 11:56:23.523 [info] > git for-each-ref --format=%(refname)%00%(upstream:short)%00%(objectname)%00%(upstream:track)%00%(upstream:remotename)%00%(upstream:remoteref) refs/heads/main refs/remotes/main [2ms]
2023-09-11 11:56:23.557 [info] > git status -z -uall [26ms]
2023-09-11 11:56:26.357 [info] > git config --get commit.template [3ms]
2023-09-11 11:56:26.367 [info] > git for-each-ref --format=%(refname)%00%(upstream:short)%00%(objectname)%00%(upstream:track)%00%(upstream:remotename)%00%(upstream:remoteref) refs/heads/master refs/remotes/master [2ms]
2023-09-11 11:56:26.378 [info] > git status -z -uall [2ms]
2023-09-11 11:56:28.608 [info] > git config --get commit.template [3ms]
2023-09-11 11:56:28.624 [info] > git for-each-ref --format=%(refname)%00%(upstream:short)%00%(objectname)%00%(upstream:track)%00%(upstream:remotename)%00%(upstream:remoteref) refs/heads/main refs/remotes/main [2ms]
2023-09-11 11:56:28.678 [info] > git status -z -uall [43ms]
2023-09-11 11:56:33.733 [info] > git config --get commit.template [3ms]
2023-09-11 11:56:33.747 [info] > git for-each-ref --format=%(refname)%00%(upstream:short)%00%(objectname)%00%(upstream:track)%00%(upstream:remotename)%00%(upstream:remoteref) refs/heads/main refs/remotes/main [2ms]
2023-09-11 11:56:33.782 [info] > git status -z -uall [27ms]
2023-09-11 11:56:38.850 [info] > git config --get commit.template [16ms]
2023-09-11 11:56:38.852 [info] > git for-each-ref --format=%(refname)%00%(upstream:short)%00%(objectname)%00%(upstream:track)%00%(upstream:remotename)%00%(upstream:remoteref) refs/heads/main refs/remotes/main [3ms]
2023-09-11 11:56:38.918 [info] > git status -z -uall [54ms]
2023-09-11 11:56:45.501 [info] > git config --get commit.template [16ms]
2023-09-11 11:56:45.502 [info] > git for-each-ref --format=%(refname)%00%(upstream:short)%00%(objectname)%00%(upstream:track)%00%(upstream:remotename)%00%(upstream:remoteref) refs/heads/main refs/remotes/main [3ms]
2023-09-11 11:56:45.541 [info] > git status -z -uall [30ms]
2023-09-11 11:56:50.599 [info] > git config --get commit.template [11ms]
2023-09-11 11:56:50.600 [info] > git for-each-ref --format=%(refname)%00%(upstream:short)%00%(objectname)%00%(upstream:track)%00%(upstream:remotename)%00%(upstream:remoteref) refs/heads/main refs/remotes/main [2ms]
2023-09-11 11:56:50.641 [info] > git status -z -uall [32ms]
2023-09-11 11:57:28.039 [info] > git config --get commit.template [4ms]
2023-09-11 11:57:28.064 [info] > git for-each-ref --format=%(refname)%00%(upstream:short)%00%(objectname)%00%(upstream:track)%00%(upstream:remotename)%00%(upstream:remoteref) refs/heads/main refs/remotes/main [3ms]
2023-09-11 11:57:28.108 [info] > git status -z -uall [32ms]
2023-09-11 11:57:33.185 [info] > git config --get commit.template [12ms]
2023-09-11 11:57:33.186 [info] > git for-each-ref --format=%(refname)%00%(upstream:short)%00%(objectname)%00%(upstream:track)%00%(upstream:remotename)%00%(upstream:remoteref) refs/heads/main refs/remotes/main [3ms]
2023-09-11 11:57:33.224 [info] > git status -z -uall [30ms]
2023-09-11 11:57:49.525 [info] > git config --get commit.template [27ms]
2023-09-11 11:57:49.531 [info] > git for-each-ref --format=%(refname)%00%(upstream:short)%00%(objectname)%00%(upstream:track)%00%(upstream:remotename)%00%(upstream:remoteref) refs/heads/main refs/remotes/main [9ms]
2023-09-11 11:57:49.581 [info] > git status -z -uall [34ms]
2023-09-11 11:57:54.657 [info] > git config --get commit.template [10ms]
2023-09-11 11:57:54.658 [info] > git for-each-ref --format=%(refname)%00%(upstream:short)%00%(objectname)%00%(upstream:track)%00%(upstream:remotename)%00%(upstream:remoteref) refs/heads/main refs/remotes/main [3ms]
2023-09-11 11:57:54.695 [info] > git status -z -uall [29ms]
2023-09-11 11:58:29.795 [info] > git config --get commit.template [7ms]
2023-09-11 11:58:29.819 [info] > git for-each-ref --format=%(refname)%00%(upstream:short)%00%(objectname)%00%(upstream:track)%00%(upstream:remotename)%00%(upstream:remoteref) refs/heads/main refs/remotes/main [3ms]
2023-09-11 11:58:29.866 [info] > git status -z -uall [32ms]
2023-09-11 12:02:05.293 [info] > git config --get commit.template [18ms]
2023-09-11 12:02:05.294 [info] > git for-each-ref --format=%(refname)%00%(upstream:short)%00%(objectname)%00%(upstream:track)%00%(upstream:remotename)%00%(upstream:remoteref) refs/heads/main refs/remotes/main [4ms]
2023-09-11 12:02:05.355 [info] > git status -z -uall [51ms]
2023-09-11 12:02:10.434 [info] > git config --get commit.template [3ms]
2023-09-11 12:02:10.447 [info] > git for-each-ref --format=%(refname)%00%(upstream:short)%00%(objectname)%00%(upstream:track)%00%(upstream:remotename)%00%(upstream:remoteref) refs/heads/main refs/remotes/main [2ms]
2023-09-11 12:02:10.488 [info] > git status -z -uall [31ms]
2023-09-11 12:02:45.270 [info] > git config --get commit.template [17ms]
2023-09-11 12:02:45.272 [info] > git for-each-ref --format=%(refname)%00%(upstream:short)%00%(objectname)%00%(upstream:track)%00%(upstream:remotename)%00%(upstream:remoteref) refs/heads/main refs/remotes/main [5ms]
2023-09-11 12:02:45.314 [info] > git status -z -uall [33ms]
2023-09-11 12:02:50.392 [info] > git config --get commit.template [10ms]
2023-09-11 12:02:50.394 [info] > git for-each-ref --format=%(refname)%00%(upstream:short)%00%(objectname)%00%(upstream:track)%00%(upstream:remotename)%00%(upstream:remoteref) refs/heads/main refs/remotes/main [2ms]
2023-09-11 12:02:50.431 [info] > git status -z -uall [29ms]
2023-09-11 12:02:55.506 [info] > git config --get commit.template [14ms]
2023-09-11 12:02:55.507 [info] > git for-each-ref --format=%(refname)%00%(upstream:short)%00%(objectname)%00%(upstream:track)%00%(upstream:remotename)%00%(upstream:remoteref) refs/heads/main refs/remotes/main [3ms]
2023-09-11 12:02:55.546 [info] > git status -z -uall [30ms]
2023-09-11 12:03:01.446 [info] > git config --get commit.template [14ms]
2023-09-11 12:03:01.447 [info] > git for-each-ref --format=%(refname)%00%(upstream:short)%00%(objectname)%00%(upstream:track)%00%(upstream:remotename)%00%(upstream:remoteref) refs/heads/main refs/remotes/main [4ms]
2023-09-11 12:03:01.501 [info] > git status -z -uall [42ms]
2023-09-11 12:03:06.571 [info] > git config --get commit.template [13ms]
2023-09-11 12:03:06.572 [info] > git for-each-ref --format=%(refname)%00%(upstream:short)%00%(objectname)%00%(upstream:track)%00%(upstream:remotename)%00%(upstream:remoteref) refs/heads/main refs/remotes/main [2ms]
2023-09-11 12:03:06.610 [info] > git status -z -uall [29ms]
2023-09-11 12:03:11.662 [info] > git config --get commit.template [5ms]
2023-09-11 12:03:11.679 [info] > git for-each-ref --format=%(refname)%00%(upstream:short)%00%(objectname)%00%(upstream:track)%00%(upstream:remotename)%00%(upstream:remoteref) refs/heads/main refs/remotes/main [3ms]
2023-09-11 12:03:11.722 [info] > git status -z -uall [30ms]
2023-09-11 12:03:16.782 [info] > git config --get commit.template [13ms]
2023-09-11 12:03:16.783 [info] > git for-each-ref --format=%(refname)%00%(upstream:short)%00%(objectname)%00%(upstream:track)%00%(upstream:remotename)%00%(upstream:remoteref) refs/heads/main refs/remotes/main [4ms]
2023-09-11 12:03:16.862 [info] > git status -z -uall [66ms]
2023-09-11 12:04:03.322 [info] > git config --get commit.template [6ms]
2023-09-11 12:04:03.345 [info] > git for-each-ref --format=%(refname)%00%(upstream:short)%00%(objectname)%00%(upstream:track)%00%(upstream:remotename)%00%(upstream:remoteref) refs/heads/main refs/remotes/main [3ms]
2023-09-11 12:04:03.423 [info] > git status -z -uall [62ms]
2023-09-11 12:04:08.560 [info] > git config --get commit.template [13ms]
2023-09-11 12:04:08.561 [info] > git for-each-ref --format=%(refname)%00%(upstream:short)%00%(objectname)%00%(upstream:track)%00%(upstream:remotename)%00%(upstream:remoteref) refs/heads/main refs/remotes/main [3ms]
2023-09-11 12:04:08.609 [info] > git status -z -uall [35ms]
2023-09-11 12:04:09.624 [info] > git config --get commit.template [17ms]
2023-09-11 12:04:09.627 [info] > git for-each-ref --format=%(refname)%00%(upstream:short)%00%(objectname)%00%(upstream:track)%00%(upstream:remotename)%00%(upstream:remoteref) refs/heads/master refs/remotes/master [8ms]
2023-09-11 12:04:09.643 [info] > git status -z -uall [3ms]
2023-09-11 12:04:13.681 [info] > git config --get commit.template [12ms]
2023-09-11 12:04:13.682 [info] > git for-each-ref --format=%(refname)%00%(upstream:short)%00%(objectname)%00%(upstream:track)%00%(upstream:remotename)%00%(upstream:remoteref) refs/heads/main refs/remotes/main [3ms]
2023-09-11 12:04:13.721 [info] > git status -z -uall [30ms]
2023-09-11 12:04:18.782 [info] > git config --get commit.template [12ms]
2023-09-11 12:04:18.783 [info] > git for-each-ref --format=%(refname)%00%(upstream:short)%00%(objectname)%00%(upstream:track)%00%(upstream:remotename)%00%(upstream:remoteref) refs/heads/main refs/remotes/main [3ms]
2023-09-11 12:04:18.833 [info] > git status -z -uall [41ms]
2023-09-11 12:04:23.904 [info] > git config --get commit.template [12ms]
2023-09-11 12:04:23.905 [info] > git for-each-ref --format=%(refname)%00%(upstream:short)%00%(objectname)%00%(upstream:track)%00%(upstream:remotename)%00%(upstream:remoteref) refs/heads/main refs/remotes/main [2ms]
2023-09-11 12:04:23.946 [info] > git status -z -uall [33ms]
2023-09-11 12:04:29.007 [info] > git config --get commit.template [13ms]
2023-09-11 12:04:29.008 [info] > git for-each-ref --format=%(refname)%00%(upstream:short)%00%(objectname)%00%(upstream:track)%00%(upstream:remotename)%00%(upstream:remoteref) refs/heads/main refs/remotes/main [2ms]
2023-09-11 12:04:29.046 [info] > git status -z -uall [30ms]
2023-09-11 12:04:59.462 [info] > git config --get commit.template [14ms]
2023-09-11 12:04:59.463 [info] > git for-each-ref --format=%(refname)%00%(upstream:short)%00%(objectname)%00%(upstream:track)%00%(upstream:remotename)%00%(upstream:remoteref) refs/heads/main refs/remotes/main [3ms]
2023-09-11 12:04:59.515 [info] > git status -z -uall [41ms]
2023-09-11 12:05:04.599 [info] > git config --get commit.template [11ms]
2023-09-11 12:05:04.601 [info] > git for-each-ref --format=%(refname)%00%(upstream:short)%00%(objectname)%00%(upstream:track)%00%(upstream:remotename)%00%(upstream:remoteref) refs/heads/main refs/remotes/main [3ms]
2023-09-11 12:05:04.645 [info] > git status -z -uall [36ms]
2023-09-11 12:05:53.025 [info] > git config --get commit.template [18ms]
2023-09-11 12:05:53.026 [info] > git for-each-ref --format=%(refname)%00%(upstream:short)%00%(objectname)%00%(upstream:track)%00%(upstream:remotename)%00%(upstream:remoteref) refs/heads/main refs/remotes/main [4ms]
2023-09-11 12:05:53.082 [info] > git status -z -uall [44ms]
2023-09-11 12:05:58.180 [info] > git config --get commit.template [10ms]
2023-09-11 12:05:58.181 [info] > git for-each-ref --format=%(refname)%00%(upstream:short)%00%(objectname)%00%(upstream:track)%00%(upstream:remotename)%00%(upstream:remoteref) refs/heads/main refs/remotes/main [2ms]
2023-09-11 12:05:58.219 [info] > git status -z -uall [30ms]
2023-09-11 12:06:03.841 [info] > git config --get commit.template [15ms]
2023-09-11 12:06:03.842 [info] > git for-each-ref --format=%(refname)%00%(upstream:short)%00%(objectname)%00%(upstream:track)%00%(upstream:remotename)%00%(upstream:remoteref) refs/heads/main refs/remotes/main [3ms]
2023-09-11 12:06:03.890 [info] > git status -z -uall [36ms]
2023-09-11 12:06:08.956 [info] > git config --get commit.template [12ms]
2023-09-11 12:06:08.957 [info] > git for-each-ref --format=%(refname)%00%(upstream:short)%00%(objectname)%00%(upstream:track)%00%(upstream:remotename)%00%(upstream:remoteref) refs/heads/main refs/remotes/main [2ms]
2023-09-11 12:06:08.991 [info] > git status -z -uall [26ms]
2023-09-11 12:06:14.054 [info] > git config --get commit.template [14ms]
2023-09-11 12:06:14.055 [info] > git for-each-ref --format=%(refname)%00%(upstream:short)%00%(objectname)%00%(upstream:track)%00%(upstream:remotename)%00%(upstream:remoteref) refs/heads/main refs/remotes/main [3ms]
2023-09-11 12:06:14.095 [info] > git status -z -uall [29ms]
2023-09-11 12:06:19.165 [info] > git config --get commit.template [16ms]
2023-09-11 12:06:19.166 [info] > git for-each-ref --format=%(refname)%00%(upstream:short)%00%(objectname)%00%(upstream:track)%00%(upstream:remotename)%00%(upstream:remoteref) refs/heads/main refs/remotes/main [4ms]
2023-09-11 12:06:19.212 [info] > git status -z -uall [36ms]
2023-09-11 12:06:24.264 [info] > git config --get commit.template [6ms]
2023-09-11 12:06:24.290 [info] > git for-each-ref --format=%(refname)%00%(upstream:short)%00%(objectname)%00%(upstream:track)%00%(upstream:remotename)%00%(upstream:remoteref) refs/heads/main refs/remotes/main [13ms]
2023-09-11 12:06:24.334 [info] > git status -z -uall [31ms]
2023-09-11 12:06:32.055 [info] > git config --get commit.template [6ms]
2023-09-11 12:06:32.068 [info] > git for-each-ref --format=%(refname)%00%(upstream:short)%00%(objectname)%00%(upstream:track)%00%(upstream:remotename)%00%(upstream:remoteref) refs/heads/main refs/remotes/main [1ms]
2023-09-11 12:06:32.112 [info] > git status -z -uall [34ms]
2023-09-11 12:06:38.066 [info] > git config --get commit.template [14ms]
2023-09-11 12:06:38.067 [info] > git for-each-ref --format=%(refname)%00%(upstream:short)%00%(objectname)%00%(upstream:track)%00%(upstream:remotename)%00%(upstream:remoteref) refs/heads/main refs/remotes/main [3ms]
2023-09-11 12:06:38.106 [info] > git status -z -uall [29ms]
2023-09-11 12:06:43.167 [info] > git config --get commit.template [14ms]
2023-09-11 12:06:43.169 [info] > git for-each-ref --format=%(refname)%00%(upstream:short)%00%(objectname)%00%(upstream:track)%00%(upstream:remotename)%00%(upstream:remoteref) refs/heads/main refs/remotes/main [3ms]
2023-09-11 12:06:43.209 [info] > git status -z -uall [31ms]
2023-09-11 12:06:49.089 [info] > git config --get commit.template [20ms]
2023-09-11 12:06:49.090 [info] > git for-each-ref --format=%(refname)%00%(upstream:short)%00%(objectname)%00%(upstream:track)%00%(upstream:remotename)%00%(upstream:remoteref) refs/heads/main refs/remotes/main [3ms]
2023-09-11 12:06:49.128 [info] > git status -z -uall [28ms]
2023-09-11 12:06:54.183 [info] > git config --get commit.template [10ms]
2023-09-11 12:06:54.184 [info] > git for-each-ref --format=%(refname)%00%(upstream:short)%00%(objectname)%00%(upstream:track)%00%(upstream:remotename)%00%(upstream:remoteref) refs/heads/main refs/remotes/main [1ms]
2023-09-11 12:06:54.228 [info] > git status -z -uall [33ms]
2023-09-11 12:06:59.300 [info] > git config --get commit.template [17ms]
2023-09-11 12:06:59.301 [info] > git for-each-ref --format=%(refname)%00%(upstream:short)%00%(objectname)%00%(upstream:track)%00%(upstream:remotename)%00%(upstream:remoteref) refs/heads/main refs/remotes/main [4ms]
2023-09-11 12:06:59.341 [info] > git status -z -uall [30ms]
2023-09-11 12:07:04.396 [info] > git config --get commit.template [3ms]
2023-09-11 12:07:04.413 [info] > git for-each-ref --format=%(refname)%00%(upstream:short)%00%(objectname)%00%(upstream:track)%00%(upstream:remotename)%00%(upstream:remoteref) refs/heads/main refs/remotes/main [2ms]
2023-09-11 12:07:04.454 [info] > git status -z -uall [29ms]
2023-09-11 12:07:09.518 [info] > git config --get commit.template [11ms]
2023-09-11 12:07:09.519 [info] > git for-each-ref --format=%(refname)%00%(upstream:short)%00%(objectname)%00%(upstream:track)%00%(upstream:remotename)%00%(upstream:remoteref) refs/heads/main refs/remotes/main [3ms]
2023-09-11 12:07:09.559 [info] > git status -z -uall [29ms]
2023-09-11 12:07:14.618 [info] > git config --get commit.template [14ms]
2023-09-11 12:07:14.619 [info] > git for-each-ref --format=%(refname)%00%(upstream:short)%00%(objectname)%00%(upstream:track)%00%(upstream:remotename)%00%(upstream:remoteref) refs/heads/main refs/remotes/main [3ms]
2023-09-11 12:07:14.656 [info] > git status -z -uall [27ms]
2023-09-11 12:07:19.718 [info] > git config --get commit.template [12ms]
2023-09-11 12:07:19.719 [info] > git for-each-ref --format=%(refname)%00%(upstream:short)%00%(objectname)%00%(upstream:track)%00%(upstream:remotename)%00%(upstream:remoteref) refs/heads/main refs/remotes/main [2ms]
2023-09-11 12:07:19.757 [info] > git status -z -uall [28ms]
2023-09-11 12:08:10.270 [info] > git config --get commit.template [4ms]
2023-09-11 12:08:10.291 [info] > git for-each-ref --format=%(refname)%00%(upstream:short)%00%(objectname)%00%(upstream:track)%00%(upstream:remotename)%00%(upstream:remoteref) refs/heads/main refs/remotes/main [6ms]
2023-09-11 12:08:10.347 [info] > git status -z -uall [36ms]
2023-09-11 12:08:15.411 [info] > git config --get commit.template [2ms]
2023-09-11 12:08:15.424 [info] > git for-each-ref --format=%(refname)%00%(upstream:short)%00%(objectname)%00%(upstream:track)%00%(upstream:remotename)%00%(upstream:remoteref) refs/heads/main refs/remotes/main [3ms]
2023-09-11 12:08:15.461 [info] > git status -z -uall [29ms]
2023-09-11 12:08:20.425 [info] > git check-ignore -v -z --stdin [2ms]
2023-09-11 12:08:20.522 [info] > git config --get commit.template [11ms]
2023-09-11 12:08:20.523 [info] > git for-each-ref --format=%(refname)%00%(upstream:short)%00%(objectname)%00%(upstream:track)%00%(upstream:remotename)%00%(upstream:remoteref) refs/heads/main refs/remotes/main [2ms]
2023-09-11 12:08:20.568 [info] > git status -z -uall [35ms]
2023-09-11 12:08:21.101 [info] > git config --get commit.template [12ms]
2023-09-11 12:08:21.142 [info] > git for-each-ref --format=%(refname)%00%(upstream:short)%00%(objectname)%00%(upstream:track)%00%(upstream:remotename)%00%(upstream:remoteref) refs/heads/master refs/remotes/master [3ms]
2023-09-11 12:08:21.214 [info] > git status -z -uall [54ms]
2023-09-11 12:08:25.655 [info] > git config --get commit.template [16ms]
2023-09-11 12:08:25.655 [info] > git for-each-ref --format=%(refname)%00%(upstream:short)%00%(objectname)%00%(upstream:track)%00%(upstream:remotename)%00%(upstream:remoteref) refs/heads/main refs/remotes/main [2ms]
2023-09-11 12:08:25.693 [info] > git status -z -uall [29ms]
2023-09-11 12:08:26.253 [info] > git config --get commit.template [10ms]
2023-09-11 12:08:26.293 [info] > git for-each-ref --format=%(refname)%00%(upstream:short)%00%(objectname)%00%(upstream:track)%00%(upstream:remotename)%00%(upstream:remoteref) refs/heads/master refs/remotes/master [3ms]
2023-09-11 12:08:26.333 [info] > git status -z -uall [12ms]
2023-09-11 12:08:30.741 [info] > git config --get commit.template [2ms]
2023-09-11 12:08:30.759 [info] > git for-each-ref --format=%(refname)%00%(upstream:short)%00%(objectname)%00%(upstream:track)%00%(upstream:remotename)%00%(upstream:remoteref) refs/heads/main refs/remotes/main [3ms]
2023-09-11 12:08:30.814 [info] > git status -z -uall [44ms]
2023-09-11 12:09:05.202 [info] > git config --get commit.template [1ms]
2023-09-11 12:09:05.213 [info] > git for-each-ref --format=%(refname)%00%(upstream:short)%00%(objectname)%00%(upstream:track)%00%(upstream:remotename)%00%(upstream:remoteref) refs/heads/main refs/remotes/main [3ms]
2023-09-11 12:09:05.268 [info] > git status -z -uall [44ms]
2023-09-11 12:09:10.371 [info] > git config --get commit.template [28ms]
2023-09-11 12:09:10.373 [info] > git for-each-ref --format=%(refname)%00%(upstream:short)%00%(objectname)%00%(upstream:track)%00%(upstream:remotename)%00%(upstream:remoteref) refs/heads/main refs/remotes/main [4ms]
2023-09-11 12:09:10.461 [info] > git status -z -uall [76ms]
2023-09-11 12:09:10.524 [info] > git config --get commit.template [7ms]
2023-09-11 12:09:10.534 [info] > git for-each-ref --format=%(refname)%00%(upstream:short)%00%(objectname)%00%(upstream:track)%00%(upstream:remotename)%00%(upstream:remoteref) refs/heads/master refs/remotes/master [2ms]
2023-09-11 12:09:10.548 [info] > git status -z -uall [5ms]
2023-09-11 12:09:15.525 [info] > git config --get commit.template [11ms]
2023-09-11 12:09:15.526 [info] > git for-each-ref --format=%(refname)%00%(upstream:short)%00%(objectname)%00%(upstream:track)%00%(upstream:remotename)%00%(upstream:remoteref) refs/heads/main refs/remotes/main [3ms]
2023-09-11 12:09:15.566 [info] > git status -z -uall [29ms]
2023-09-11 12:09:20.626 [info] > git config --get commit.template [11ms]
2023-09-11 12:09:20.628 [info] > git for-each-ref --format=%(refname)%00%(upstream:short)%00%(objectname)%00%(upstream:track)%00%(upstream:remotename)%00%(upstream:remoteref) refs/heads/main refs/remotes/main [3ms]
2023-09-11 12:09:20.665 [info] > git status -z -uall [28ms]
2023-09-11 12:09:25.734 [info] > git config --get commit.template [14ms]
2023-09-11 12:09:25.736 [info] > git for-each-ref --format=%(refname)%00%(upstream:short)%00%(objectname)%00%(upstream:track)%00%(upstream:remotename)%00%(upstream:remoteref) refs/heads/main refs/remotes/main [3ms]
2023-09-11 12:09:25.772 [info] > git status -z -uall [28ms]
2023-09-11 12:09:30.824 [info] > git config --get commit.template [3ms]
2023-09-11 12:09:30.835 [info] > git for-each-ref --format=%(refname)%00%(upstream:short)%00%(objectname)%00%(upstream:track)%00%(upstream:remotename)%00%(upstream:remoteref) refs/heads/main refs/remotes/main [2ms]
2023-09-11 12:09:30.872 [info] > git status -z -uall [27ms]
2023-09-11 12:09:35.935 [info] > git config --get commit.template [11ms]
2023-09-11 12:09:35.936 [info] > git for-each-ref --format=%(refname)%00%(upstream:short)%00%(objectname)%00%(upstream:track)%00%(upstream:remotename)%00%(upstream:remoteref) refs/heads/main refs/remotes/main [2ms]
2023-09-11 12:09:35.975 [info] > git status -z -uall [30ms]
2023-09-11 12:09:37.518 [info] > git config --get commit.template [2ms]
2023-09-11 12:09:37.531 [info] > git for-each-ref --format=%(refname)%00%(upstream:short)%00%(objectname)%00%(upstream:track)%00%(upstream:remotename)%00%(upstream:remoteref) refs/heads/master refs/remotes/master [2ms]
2023-09-11 12:09:37.545 [info] > git status -z -uall [5ms]
2023-09-11 12:09:41.040 [info] > git config --get commit.template [4ms]
2023-09-11 12:09:41.057 [info] > git for-each-ref --format=%(refname)%00%(upstream:short)%00%(objectname)%00%(upstream:track)%00%(upstream:remotename)%00%(upstream:remoteref) refs/heads/main refs/remotes/main [3ms]
2023-09-11 12:09:41.104 [info] > git status -z -uall [36ms]
2023-09-11 12:09:46.674 [info] > git config --get commit.template [6ms]
2023-09-11 12:09:46.689 [info] > git for-each-ref --format=%(refname)%00%(upstream:short)%00%(objectname)%00%(upstream:track)%00%(upstream:remotename)%00%(upstream:remoteref) refs/heads/main refs/remotes/main [2ms]
2023-09-11 12:09:46.730 [info] > git status -z -uall [29ms]
2023-09-11 12:09:51.813 [info] > git config --get commit.template [22ms]
2023-09-11 12:09:51.814 [info] > git for-each-ref --format=%(refname)%00%(upstream:short)%00%(objectname)%00%(upstream:track)%00%(upstream:remotename)%00%(upstream:remoteref) refs/heads/main refs/remotes/main [4ms]
2023-09-11 12:09:51.858 [info] > git status -z -uall [32ms]
2023-09-11 12:09:56.911 [info] > git config --get commit.template [2ms]
2023-09-11 12:09:56.925 [info] > git for-each-ref --format=%(refname)%00%(upstream:short)%00%(objectname)%00%(upstream:track)%00%(upstream:remotename)%00%(upstream:remoteref) refs/heads/main refs/remotes/main [3ms]
2023-09-11 12:09:56.964 [info] > git status -z -uall [30ms]
