2023-09-13 01:02:03.374 [info] Log level: Info
2023-09-13 01:02:03.374 [info] Validating found git in: "git"
2023-09-13 01:02:03.374 [info] Using git "2.25.1" from "git"
2023-09-13 01:02:03.374 [info] > git rev-parse --show-toplevel [38ms]
2023-09-13 01:02:03.374 [info] fatal: this operation must be run in a work tree
2023-09-13 01:07:04.133 [info] > git rev-parse --show-toplevel [5ms]
2023-09-13 01:07:04.133 [info] fatal: this operation must be run in a work tree
2023-09-13 01:07:08.680 [info] > git rev-parse --show-toplevel [2ms]
2023-09-13 01:07:08.707 [info] > git rev-parse --git-dir --git-common-dir [9ms]
2023-09-13 01:07:08.737 [info] Open repository: /home/bill
2023-09-13 01:07:08.759 [info] > git config --get commit.template [10ms]
2023-09-13 01:07:08.782 [info] > git for-each-ref --format=%(refname)%00%(upstream:short)%00%(objectname)%00%(upstream:track)%00%(upstream:remotename)%00%(upstream:remoteref) refs/heads/main refs/remotes/main [10ms]
2023-09-13 01:07:08.936 [info] > git status -z -uall [139ms]
2023-09-13 01:07:08.974 [info] > git config --get commit.template [11ms]
2023-09-13 01:07:08.975 [info] > git for-each-ref --format=%(refname)%00%(upstream:short)%00%(objectname)%00%(upstream:track)%00%(upstream:remotename)%00%(upstream:remoteref) refs/heads/main refs/remotes/main [3ms]
2023-09-13 01:07:09.199 [info] > git status -z -uall [213ms]
2023-09-13 01:07:09.266 [info] > git show --textconv :<!DOCTYPE html>.html [16ms]
2023-09-13 01:07:09.270 [info] > git ls-files --stage -- /home/bill/<!DOCTYPE html>.html [9ms]
2023-09-13 01:07:09.280 [info] > git cat-file -s 848988de92196820d23193aad60eedd135813e98 [2ms]
2023-09-13 01:07:09.337 [info] > git check-ignore -v -z --stdin [12ms]
2023-09-13 01:15:07.536 [info] > git config --get commit.template [30ms]
2023-09-13 01:15:07.540 [info] > git for-each-ref --format=%(refname)%00%(upstream:short)%00%(objectname)%00%(upstream:track)%00%(upstream:remotename)%00%(upstream:remoteref) refs/heads/main refs/remotes/main [10ms]
2023-09-13 01:15:07.683 [info] > git status -z -uall [132ms]
2023-09-13 01:15:12.867 [info] > git config --get commit.template [13ms]
2023-09-13 01:15:12.869 [info] > git for-each-ref --format=%(refname)%00%(upstream:short)%00%(objectname)%00%(upstream:track)%00%(upstream:remotename)%00%(upstream:remoteref) refs/heads/main refs/remotes/main [3ms]
2023-09-13 01:15:12.981 [info] > git status -z -uall [102ms]
2023-09-13 01:15:18.088 [info] > git config --get commit.template [3ms]
2023-09-13 01:15:18.109 [info] > git for-each-ref --format=%(refname)%00%(upstream:short)%00%(objectname)%00%(upstream:track)%00%(upstream:remotename)%00%(upstream:remoteref) refs/heads/main refs/remotes/main [6ms]
2023-09-13 01:15:18.219 [info] > git status -z -uall [101ms]
2023-09-13 01:19:26.634 [info] > git for-each-ref --format=%(refname)%00%(upstream:short)%00%(objectname)%00%(upstream:track)%00%(upstream:remotename)%00%(upstream:remoteref) refs/heads/main refs/remotes/main [4ms]
2023-09-13 01:19:26.636 [info] > git config --get commit.template [16ms]
2023-09-13 01:19:26.691 [info] > git ls-files --stage -- /home/bill/<!DOCTYPE html>.html [11ms]
2023-09-13 01:19:26.704 [info] > git cat-file -s 848988de92196820d23193aad60eedd135813e98 [3ms]
2023-09-13 01:19:26.733 [info] > git show --textconv :<!DOCTYPE html>.html [10ms]
2023-09-13 01:19:26.771 [info] > git status -z -uall [124ms]
2023-09-13 01:19:31.839 [info] > git config --get commit.template [3ms]
2023-09-13 01:19:31.854 [info] > git for-each-ref --format=%(refname)%00%(upstream:short)%00%(objectname)%00%(upstream:track)%00%(upstream:remotename)%00%(upstream:remoteref) refs/heads/main refs/remotes/main [2ms]
2023-09-13 01:19:31.968 [info] > git status -z -uall [100ms]
2023-09-13 01:21:20.030 [info] > git config --get commit.template [37ms]
2023-09-13 01:21:20.047 [info] > git ls-files --stage -- /home/bill/<!DOCTYPE html>.html [23ms]
2023-09-13 01:21:20.060 [info] > git for-each-ref --format=%(refname)%00%(upstream:short)%00%(objectname)%00%(upstream:track)%00%(upstream:remotename)%00%(upstream:remoteref) refs/heads/main refs/remotes/main [13ms]
2023-09-13 01:21:20.079 [info] > git cat-file -s 848988de92196820d23193aad60eedd135813e98 [20ms]
2023-09-13 01:21:20.107 [info] > git show --textconv :<!DOCTYPE html>.html [7ms]
2023-09-13 01:21:20.173 [info] > git status -z -uall [94ms]
