2023-09-12 23:10:07.512 [info] Log level: Info
2023-09-12 23:10:07.512 [info] Validating found git in: "git"
2023-09-12 23:10:07.512 [info] Using git "2.25.1" from "git"
2023-09-12 23:10:07.846 [info] > git rev-parse --show-toplevel [346ms]
2023-09-12 23:10:07.937 [info] > git rev-parse --git-dir --git-common-dir [5ms]
2023-09-12 23:10:08.014 [info] Open repository: /home/bill/my_list.txt
2023-09-12 23:10:08.056 [info] > git rev-parse --show-toplevel [15ms]
2023-09-12 23:10:08.058 [info] > git config --get commit.template [25ms]
2023-09-12 23:10:08.089 [info] > git rev-parse --git-dir --git-common-dir [23ms]
2023-09-12 23:10:08.097 [info] Open repository: /home/bill
2023-09-12 23:10:08.129 [info] > git for-each-ref --format=%(refname)%00%(upstream:short)%00%(objectname)%00%(upstream:track)%00%(upstream:remotename)%00%(upstream:remoteref) refs/heads/master refs/remotes/master [50ms]
2023-09-12 23:10:08.153 [info] > git rev-parse --show-toplevel [37ms]
2023-09-12 23:10:08.155 [info] > git config --get commit.template [48ms]
2023-09-12 23:10:08.194 [info] > git rev-parse --git-dir --git-common-dir [19ms]
2023-09-12 23:10:08.215 [info] Open repository: /home/bill/my_list.txt/phase-0-html-lists-lab
2023-09-12 23:10:08.233 [info] > git status -z -uall [83ms]
2023-09-12 23:10:08.268 [info] > git for-each-ref --format=%(refname)%00%(upstream:short)%00%(objectname)%00%(upstream:track)%00%(upstream:remotename)%00%(upstream:remoteref) refs/heads/main refs/remotes/main [68ms]
2023-09-12 23:10:08.290 [info] > git config --get commit.template [59ms]
2023-09-12 23:10:08.293 [info] > git config --get commit.template [4ms]
2023-09-12 23:10:08.310 [info] > git for-each-ref --format=%(refname)%00%(upstream:short)%00%(objectname)%00%(upstream:track)%00%(upstream:remotename)%00%(upstream:remoteref) refs/heads/master refs/remotes/master [10ms]
2023-09-12 23:10:08.326 [info] > git status -z -uall [6ms]
2023-09-12 23:10:08.347 [info] > git for-each-ref --format=%(refname)%00%(upstream:short)%00%(objectname)%00%(upstream:track)%00%(upstream:remotename)%00%(upstream:remoteref) refs/heads/master refs/remotes/master [40ms]
2023-09-12 23:10:08.386 [info] > git status -z -uall [31ms]
2023-09-12 23:10:08.403 [info] > git config --get commit.template [20ms]
2023-09-12 23:10:08.421 [info] > git for-each-ref --format=%(refname)%00%(upstream:short)%00%(objectname)%00%(upstream:track)%00%(upstream:remotename)%00%(upstream:remoteref) refs/heads/master refs/remotes/master [4ms]
2023-09-12 23:10:08.456 [info] > git status -z -uall [19ms]
2023-09-12 23:10:08.897 [info] > git check-ignore -v -z --stdin [18ms]
2023-09-12 23:10:08.899 [info] > git check-ignore -v -z --stdin [13ms]
2023-09-12 23:10:08.901 [info] > git check-ignore -v -z --stdin [8ms]
2023-09-12 23:10:09.348 [info] > git show --textconv :my_list.html [13ms]
2023-09-12 23:10:09.349 [info] > git ls-files --stage -- /home/bill/my_list.html [5ms]
2023-09-12 23:10:09.357 [info] > git cat-file -s 1a59596b6053aa803f39dd902115aadf2ed83a3f [2ms]
2023-09-12 23:10:09.400 [info] > git status -z -uall [1122ms]
2023-09-12 23:10:10.215 [info] > git config --get commit.template [700ms]
2023-09-12 23:10:10.300 [info] > git for-each-ref --format=%(refname)%00%(upstream:short)%00%(objectname)%00%(upstream:track)%00%(upstream:remotename)%00%(upstream:remoteref) refs/heads/main refs/remotes/main [16ms]
2023-09-12 23:10:10.542 [info] > git status -z -uall [229ms]
2023-09-12 23:34:30.906 [info] > git config --get commit.template [3ms]
2023-09-12 23:34:30.928 [info] > git for-each-ref --format=%(refname)%00%(upstream:short)%00%(objectname)%00%(upstream:track)%00%(upstream:remotename)%00%(upstream:remoteref) refs/heads/main refs/remotes/main [9ms]
2023-09-12 23:34:31.044 [info] > git status -z -uall [104ms]
2023-09-12 23:34:36.163 [info] > git config --get commit.template [11ms]
2023-09-12 23:34:36.164 [info] > git for-each-ref --format=%(refname)%00%(upstream:short)%00%(objectname)%00%(upstream:track)%00%(upstream:remotename)%00%(upstream:remoteref) refs/heads/main refs/remotes/main [3ms]
2023-09-12 23:34:36.230 [info] > git status -z -uall [51ms]
2023-09-12 23:34:38.062 [info] > git check-ignore -v -z --stdin [3ms]
2023-09-12 23:34:43.056 [info] > git config --get commit.template [21ms]
2023-09-12 23:34:43.057 [info] > git for-each-ref --format=%(refname)%00%(upstream:short)%00%(objectname)%00%(upstream:track)%00%(upstream:remotename)%00%(upstream:remoteref) refs/heads/main refs/remotes/main [3ms]
2023-09-12 23:34:43.115 [info] > git status -z -uall [51ms]
2023-09-12 23:34:48.214 [info] > git config --get commit.template [21ms]
2023-09-12 23:34:48.216 [info] > git for-each-ref --format=%(refname)%00%(upstream:short)%00%(objectname)%00%(upstream:track)%00%(upstream:remotename)%00%(upstream:remoteref) refs/heads/main refs/remotes/main [7ms]
2023-09-12 23:34:48.280 [info] > git status -z -uall [54ms]
2023-09-12 23:34:53.351 [info] > git config --get commit.template [12ms]
2023-09-12 23:34:53.353 [info] > git for-each-ref --format=%(refname)%00%(upstream:short)%00%(objectname)%00%(upstream:track)%00%(upstream:remotename)%00%(upstream:remoteref) refs/heads/main refs/remotes/main [6ms]
2023-09-12 23:34:53.413 [info] > git status -z -uall [52ms]
2023-09-12 23:59:43.759 [info] > git config --get commit.template [18ms]
2023-09-12 23:59:43.760 [info] > git for-each-ref --format=%(refname)%00%(upstream:short)%00%(objectname)%00%(upstream:track)%00%(upstream:remotename)%00%(upstream:remoteref) refs/heads/main refs/remotes/main [4ms]
2023-09-12 23:59:43.831 [info] > git status -z -uall [59ms]
2023-09-12 23:59:44.751 [info] > git config --get commit.template [8ms]
2023-09-12 23:59:44.791 [info] > git for-each-ref --format=%(refname)%00%(upstream:short)%00%(objectname)%00%(upstream:track)%00%(upstream:remotename)%00%(upstream:remoteref) refs/heads/master refs/remotes/master [19ms]
2023-09-12 23:59:44.874 [info] > git status -z -uall [67ms]
2023-09-12 23:59:48.930 [info] > git config --get commit.template [13ms]
2023-09-12 23:59:48.931 [info] > git for-each-ref --format=%(refname)%00%(upstream:short)%00%(objectname)%00%(upstream:track)%00%(upstream:remotename)%00%(upstream:remoteref) refs/heads/main refs/remotes/main [3ms]
2023-09-12 23:59:49.023 [info] > git status -z -uall [84ms]
2023-09-13 00:01:53.349 [info] > git config --get commit.template [23ms]
2023-09-13 00:01:53.349 [info] > git for-each-ref --format=%(refname)%00%(upstream:short)%00%(objectname)%00%(upstream:track)%00%(upstream:remotename)%00%(upstream:remoteref) refs/heads/master refs/remotes/master [3ms]
2023-09-13 00:01:53.365 [info] > git status -z -uall [6ms]
2023-09-13 00:04:00.068 [info] > git show --textconv :my_list.html [17ms]
2023-09-13 00:04:00.070 [info] > git ls-files --stage -- /home/bill/my_list.html [5ms]
2023-09-13 00:04:00.083 [info] > git cat-file -s 1a59596b6053aa803f39dd902115aadf2ed83a3f [2ms]
2023-09-13 00:10:52.115 [info] > git config --get commit.template [5ms]
2023-09-13 00:10:52.128 [info] > git for-each-ref --format=%(refname)%00%(upstream:short)%00%(objectname)%00%(upstream:track)%00%(upstream:remotename)%00%(upstream:remoteref) refs/heads/main refs/remotes/main [3ms]
2023-09-13 00:10:52.229 [info] > git status -z -uall [83ms]
2023-09-13 00:10:57.330 [info] > git config --get commit.template [10ms]
2023-09-13 00:10:57.331 [info] > git for-each-ref --format=%(refname)%00%(upstream:short)%00%(objectname)%00%(upstream:track)%00%(upstream:remotename)%00%(upstream:remoteref) refs/heads/main refs/remotes/main [3ms]
2023-09-13 00:10:57.399 [info] > git status -z -uall [60ms]
2023-09-13 00:11:17.846 [info] > git config --get commit.template [20ms]
2023-09-13 00:11:17.847 [info] > git for-each-ref --format=%(refname)%00%(upstream:short)%00%(objectname)%00%(upstream:track)%00%(upstream:remotename)%00%(upstream:remoteref) refs/heads/main refs/remotes/main [5ms]
2023-09-13 00:11:17.914 [info] > git status -z -uall [55ms]
2023-09-13 00:11:22.998 [info] > git config --get commit.template [12ms]
2023-09-13 00:11:23.000 [info] > git for-each-ref --format=%(refname)%00%(upstream:short)%00%(objectname)%00%(upstream:track)%00%(upstream:remotename)%00%(upstream:remoteref) refs/heads/main refs/remotes/main [5ms]
2023-09-13 00:11:23.061 [info] > git status -z -uall [53ms]
2023-09-13 00:11:28.152 [info] > git config --get commit.template [20ms]
2023-09-13 00:11:28.153 [info] > git for-each-ref --format=%(refname)%00%(upstream:short)%00%(objectname)%00%(upstream:track)%00%(upstream:remotename)%00%(upstream:remoteref) refs/heads/main refs/remotes/main [4ms]
2023-09-13 00:11:28.218 [info] > git status -z -uall [54ms]
2023-09-13 00:11:34.972 [info] > git config --get commit.template [3ms]
2023-09-13 00:11:34.986 [info] > git for-each-ref --format=%(refname)%00%(upstream:short)%00%(objectname)%00%(upstream:track)%00%(upstream:remotename)%00%(upstream:remoteref) refs/heads/main refs/remotes/main [2ms]
2023-09-13 00:11:35.057 [info] > git status -z -uall [58ms]
2023-09-13 00:11:37.209 [info] > git show --textconv :<ol>.html [14ms]
2023-09-13 00:11:37.213 [info] > git ls-files --stage -- /home/bill/<ol>.html [6ms]
2023-09-13 00:11:37.582 [info] > git check-ignore -v -z --stdin [3ms]
2023-09-13 00:11:40.140 [info] > git config --get commit.template [11ms]
2023-09-13 00:11:40.141 [info] > git for-each-ref --format=%(refname)%00%(upstream:short)%00%(objectname)%00%(upstream:track)%00%(upstream:remotename)%00%(upstream:remoteref) refs/heads/main refs/remotes/main [3ms]
2023-09-13 00:11:40.201 [info] > git status -z -uall [51ms]
2023-09-13 00:12:03.349 [info] > git config --get commit.template [1ms]
2023-09-13 00:12:03.361 [info] > git for-each-ref --format=%(refname)%00%(upstream:short)%00%(objectname)%00%(upstream:track)%00%(upstream:remotename)%00%(upstream:remoteref) refs/heads/main refs/remotes/main [2ms]
2023-09-13 00:12:03.422 [info] > git status -z -uall [52ms]
2023-09-13 00:12:08.527 [info] > git config --get commit.template [7ms]
2023-09-13 00:12:08.545 [info] > git for-each-ref --format=%(refname)%00%(upstream:short)%00%(objectname)%00%(upstream:track)%00%(upstream:remotename)%00%(upstream:remoteref) refs/heads/main refs/remotes/main [2ms]
2023-09-13 00:12:08.608 [info] > git status -z -uall [52ms]
2023-09-13 00:12:13.687 [info] > git config --get commit.template [6ms]
2023-09-13 00:12:13.706 [info] > git for-each-ref --format=%(refname)%00%(upstream:short)%00%(objectname)%00%(upstream:track)%00%(upstream:remotename)%00%(upstream:remoteref) refs/heads/main refs/remotes/main [2ms]
2023-09-13 00:12:13.772 [info] > git status -z -uall [54ms]
2023-09-13 00:12:20.487 [info] > git config --get commit.template [18ms]
2023-09-13 00:12:20.487 [info] > git for-each-ref --format=%(refname)%00%(upstream:short)%00%(objectname)%00%(upstream:track)%00%(upstream:remotename)%00%(upstream:remoteref) refs/heads/main refs/remotes/main [3ms]
2023-09-13 00:12:20.549 [info] > git status -z -uall [51ms]
2023-09-13 00:12:46.217 [info] > git config --get commit.template [21ms]
2023-09-13 00:12:46.220 [info] > git for-each-ref --format=%(refname)%00%(upstream:short)%00%(objectname)%00%(upstream:track)%00%(upstream:remotename)%00%(upstream:remoteref) refs/heads/main refs/remotes/main [5ms]
2023-09-13 00:12:46.296 [info] > git status -z -uall [66ms]
2023-09-13 00:12:51.425 [info] > git config --get commit.template [2ms]
2023-09-13 00:12:51.439 [info] > git for-each-ref --format=%(refname)%00%(upstream:short)%00%(objectname)%00%(upstream:track)%00%(upstream:remotename)%00%(upstream:remoteref) refs/heads/main refs/remotes/main [2ms]
2023-09-13 00:12:51.504 [info] > git status -z -uall [54ms]
2023-09-13 00:12:56.612 [info] > git config --get commit.template [20ms]
2023-09-13 00:12:56.613 [info] > git for-each-ref --format=%(refname)%00%(upstream:short)%00%(objectname)%00%(upstream:track)%00%(upstream:remotename)%00%(upstream:remoteref) refs/heads/main refs/remotes/main [3ms]
2023-09-13 00:12:56.682 [info] > git status -z -uall [56ms]
2023-09-13 00:13:01.763 [info] > git config --get commit.template [19ms]
2023-09-13 00:13:01.764 [info] > git for-each-ref --format=%(refname)%00%(upstream:short)%00%(objectname)%00%(upstream:track)%00%(upstream:remotename)%00%(upstream:remoteref) refs/heads/main refs/remotes/main [3ms]
2023-09-13 00:13:01.832 [info] > git status -z -uall [55ms]
2023-09-13 00:13:06.933 [info] > git config --get commit.template [28ms]
2023-09-13 00:13:06.935 [info] > git for-each-ref --format=%(refname)%00%(upstream:short)%00%(objectname)%00%(upstream:track)%00%(upstream:remotename)%00%(upstream:remoteref) refs/heads/main refs/remotes/main [3ms]
2023-09-13 00:13:07.009 [info] > git status -z -uall [58ms]
2023-09-13 00:13:12.098 [info] > git config --get commit.template [19ms]
2023-09-13 00:13:12.100 [info] > git for-each-ref --format=%(refname)%00%(upstream:short)%00%(objectname)%00%(upstream:track)%00%(upstream:remotename)%00%(upstream:remoteref) refs/heads/main refs/remotes/main [2ms]
2023-09-13 00:13:12.162 [info] > git status -z -uall [48ms]
2023-09-13 00:13:17.250 [info] > git config --get commit.template [18ms]
2023-09-13 00:13:17.251 [info] > git for-each-ref --format=%(refname)%00%(upstream:short)%00%(objectname)%00%(upstream:track)%00%(upstream:remotename)%00%(upstream:remoteref) refs/heads/main refs/remotes/main [2ms]
2023-09-13 00:13:17.316 [info] > git status -z -uall [51ms]
2023-09-13 00:13:22.405 [info] > git config --get commit.template [16ms]
2023-09-13 00:13:22.406 [info] > git for-each-ref --format=%(refname)%00%(upstream:short)%00%(objectname)%00%(upstream:track)%00%(upstream:remotename)%00%(upstream:remoteref) refs/heads/main refs/remotes/main [2ms]
2023-09-13 00:13:22.469 [info] > git status -z -uall [46ms]
2023-09-13 00:13:27.220 [info] > git check-ignore -v -z --stdin [2ms]
2023-09-13 00:13:30.201 [info] > git config --get commit.template [20ms]
2023-09-13 00:13:30.202 [info] > git for-each-ref --format=%(refname)%00%(upstream:short)%00%(objectname)%00%(upstream:track)%00%(upstream:remotename)%00%(upstream:remoteref) refs/heads/main refs/remotes/main [3ms]
2023-09-13 00:13:30.275 [info] > git status -z -uall [53ms]
2023-09-13 00:13:35.365 [info] > git config --get commit.template [16ms]
2023-09-13 00:13:35.366 [info] > git for-each-ref --format=%(refname)%00%(upstream:short)%00%(objectname)%00%(upstream:track)%00%(upstream:remotename)%00%(upstream:remoteref) refs/heads/main refs/remotes/main [2ms]
2023-09-13 00:13:35.430 [info] > git status -z -uall [48ms]
2023-09-13 00:13:40.523 [info] > git config --get commit.template [19ms]
2023-09-13 00:13:40.524 [info] > git for-each-ref --format=%(refname)%00%(upstream:short)%00%(objectname)%00%(upstream:track)%00%(upstream:remotename)%00%(upstream:remoteref) refs/heads/main refs/remotes/main [3ms]
2023-09-13 00:13:40.610 [info] > git status -z -uall [63ms]
2023-09-13 00:13:43.518 [info] > git check-ignore -v -z --stdin [2ms]
2023-09-13 00:13:45.709 [info] > git config --get commit.template [21ms]
2023-09-13 00:13:45.710 [info] > git for-each-ref --format=%(refname)%00%(upstream:short)%00%(objectname)%00%(upstream:track)%00%(upstream:remotename)%00%(upstream:remoteref) refs/heads/main refs/remotes/main [2ms]
2023-09-13 00:13:45.769 [info] > git status -z -uall [44ms]
2023-09-13 00:13:50.873 [info] > git config --get commit.template [23ms]
2023-09-13 00:13:50.873 [info] > git for-each-ref --format=%(refname)%00%(upstream:short)%00%(objectname)%00%(upstream:track)%00%(upstream:remotename)%00%(upstream:remoteref) refs/heads/main refs/remotes/main [2ms]
2023-09-13 00:13:50.938 [info] > git status -z -uall [48ms]
2023-09-13 00:14:08.160 [info] > git config --get commit.template [15ms]
2023-09-13 00:14:08.162 [info] > git for-each-ref --format=%(refname)%00%(upstream:short)%00%(objectname)%00%(upstream:track)%00%(upstream:remotename)%00%(upstream:remoteref) refs/heads/main refs/remotes/main [5ms]
2023-09-13 00:14:08.248 [info] > git status -z -uall [73ms]
2023-09-13 00:14:13.350 [info] > git config --get commit.template [12ms]
2023-09-13 00:14:13.350 [info] > git for-each-ref --format=%(refname)%00%(upstream:short)%00%(objectname)%00%(upstream:track)%00%(upstream:remotename)%00%(upstream:remoteref) refs/heads/main refs/remotes/main [2ms]
2023-09-13 00:14:13.412 [info] > git status -z -uall [53ms]
2023-09-13 00:14:18.488 [info] > git config --get commit.template [13ms]
2023-09-13 00:14:18.489 [info] > git for-each-ref --format=%(refname)%00%(upstream:short)%00%(objectname)%00%(upstream:track)%00%(upstream:remotename)%00%(upstream:remoteref) refs/heads/main refs/remotes/main [2ms]
2023-09-13 00:14:18.555 [info] > git status -z -uall [55ms]
2023-09-13 00:14:23.624 [info] > git config --get commit.template [2ms]
2023-09-13 00:14:23.637 [info] > git for-each-ref --format=%(refname)%00%(upstream:short)%00%(objectname)%00%(upstream:track)%00%(upstream:remotename)%00%(upstream:remoteref) refs/heads/main refs/remotes/main [2ms]
2023-09-13 00:14:23.696 [info] > git status -z -uall [47ms]
2023-09-13 00:14:35.139 [info] > git config --get commit.template [28ms]
2023-09-13 00:14:35.141 [info] > git for-each-ref --format=%(refname)%00%(upstream:short)%00%(objectname)%00%(upstream:track)%00%(upstream:remotename)%00%(upstream:remoteref) refs/heads/main refs/remotes/main [3ms]
2023-09-13 00:14:35.207 [info] > git status -z -uall [52ms]
2023-09-13 00:14:40.280 [info] > git config --get commit.template [14ms]
2023-09-13 00:14:40.281 [info] > git for-each-ref --format=%(refname)%00%(upstream:short)%00%(objectname)%00%(upstream:track)%00%(upstream:remotename)%00%(upstream:remoteref) refs/heads/main refs/remotes/main [2ms]
2023-09-13 00:14:40.339 [info] > git status -z -uall [47ms]
2023-09-13 00:14:45.439 [info] > git config --get commit.template [17ms]
2023-09-13 00:14:45.440 [info] > git for-each-ref --format=%(refname)%00%(upstream:short)%00%(objectname)%00%(upstream:track)%00%(upstream:remotename)%00%(upstream:remoteref) refs/heads/main refs/remotes/main [2ms]
2023-09-13 00:14:45.513 [info] > git status -z -uall [59ms]
2023-09-13 00:14:51.419 [info] > git config --get commit.template [19ms]
2023-09-13 00:14:51.420 [info] > git for-each-ref --format=%(refname)%00%(upstream:short)%00%(objectname)%00%(upstream:track)%00%(upstream:remotename)%00%(upstream:remoteref) refs/heads/main refs/remotes/main [2ms]
2023-09-13 00:14:51.480 [info] > git status -z -uall [48ms]
2023-09-13 00:14:56.576 [info] > git config --get commit.template [22ms]
2023-09-13 00:14:56.576 [info] > git for-each-ref --format=%(refname)%00%(upstream:short)%00%(objectname)%00%(upstream:track)%00%(upstream:remotename)%00%(upstream:remoteref) refs/heads/main refs/remotes/main [2ms]
2023-09-13 00:14:56.641 [info] > git status -z -uall [51ms]
2023-09-13 00:15:01.734 [info] > git config --get commit.template [19ms]
2023-09-13 00:15:01.734 [info] > git for-each-ref --format=%(refname)%00%(upstream:short)%00%(objectname)%00%(upstream:track)%00%(upstream:remotename)%00%(upstream:remoteref) refs/heads/main refs/remotes/main [2ms]
2023-09-13 00:15:01.796 [info] > git status -z -uall [48ms]
2023-09-13 00:15:06.882 [info] > git config --get commit.template [17ms]
2023-09-13 00:15:06.883 [info] > git for-each-ref --format=%(refname)%00%(upstream:short)%00%(objectname)%00%(upstream:track)%00%(upstream:remotename)%00%(upstream:remoteref) refs/heads/main refs/remotes/main [2ms]
2023-09-13 00:15:06.947 [info] > git status -z -uall [52ms]
2023-09-13 00:15:12.703 [info] > git config --get commit.template [16ms]
2023-09-13 00:15:12.704 [info] > git for-each-ref --format=%(refname)%00%(upstream:short)%00%(objectname)%00%(upstream:track)%00%(upstream:remotename)%00%(upstream:remoteref) refs/heads/main refs/remotes/main [2ms]
2023-09-13 00:15:12.776 [info] > git status -z -uall [59ms]
2023-09-13 00:15:17.906 [info] > git config --get commit.template [15ms]
2023-09-13 00:15:17.907 [info] > git for-each-ref --format=%(refname)%00%(upstream:short)%00%(objectname)%00%(upstream:track)%00%(upstream:remotename)%00%(upstream:remoteref) refs/heads/main refs/remotes/main [3ms]
2023-09-13 00:15:17.968 [info] > git status -z -uall [50ms]
2023-09-13 00:15:23.063 [info] > git config --get commit.template [16ms]
2023-09-13 00:15:23.064 [info] > git for-each-ref --format=%(refname)%00%(upstream:short)%00%(objectname)%00%(upstream:track)%00%(upstream:remotename)%00%(upstream:remoteref) refs/heads/main refs/remotes/main [3ms]
2023-09-13 00:15:23.136 [info] > git status -z -uall [60ms]
2023-09-13 00:15:28.228 [info] > git config --get commit.template [20ms]
2023-09-13 00:15:28.230 [info] > git for-each-ref --format=%(refname)%00%(upstream:short)%00%(objectname)%00%(upstream:track)%00%(upstream:remotename)%00%(upstream:remoteref) refs/heads/main refs/remotes/main [3ms]
2023-09-13 00:15:28.310 [info] > git status -z -uall [63ms]
2023-09-13 00:15:33.393 [info] > git config --get commit.template [19ms]
2023-09-13 00:15:33.394 [info] > git for-each-ref --format=%(refname)%00%(upstream:short)%00%(objectname)%00%(upstream:track)%00%(upstream:remotename)%00%(upstream:remoteref) refs/heads/main refs/remotes/main [3ms]
2023-09-13 00:15:33.461 [info] > git status -z -uall [53ms]
2023-09-13 00:15:37.659 [info] > git show --textconv :my_list.html [17ms]
2023-09-13 00:15:37.662 [info] > git ls-files --stage -- /home/bill/my_list.txt/my_list.html [5ms]
2023-09-13 00:15:38.540 [info] > git config --get commit.template [2ms]
2023-09-13 00:15:38.554 [info] > git for-each-ref --format=%(refname)%00%(upstream:short)%00%(objectname)%00%(upstream:track)%00%(upstream:remotename)%00%(upstream:remoteref) refs/heads/main refs/remotes/main [2ms]
2023-09-13 00:15:38.620 [info] > git status -z -uall [54ms]
2023-09-13 00:15:43.714 [info] > git config --get commit.template [21ms]
2023-09-13 00:15:43.715 [info] > git for-each-ref --format=%(refname)%00%(upstream:short)%00%(objectname)%00%(upstream:track)%00%(upstream:remotename)%00%(upstream:remoteref) refs/heads/main refs/remotes/main [3ms]
2023-09-13 00:15:43.778 [info] > git status -z -uall [50ms]
2023-09-13 00:15:48.866 [info] > git config --get commit.template [24ms]
2023-09-13 00:15:48.867 [info] > git for-each-ref --format=%(refname)%00%(upstream:short)%00%(objectname)%00%(upstream:track)%00%(upstream:remotename)%00%(upstream:remoteref) refs/heads/main refs/remotes/main [3ms]
2023-09-13 00:15:48.930 [info] > git status -z -uall [52ms]
2023-09-13 00:15:52.587 [info] > git config --get commit.template [20ms]
2023-09-13 00:15:52.589 [info] > git for-each-ref --format=%(refname)%00%(upstream:short)%00%(objectname)%00%(upstream:track)%00%(upstream:remotename)%00%(upstream:remoteref) refs/heads/master refs/remotes/master [3ms]
2023-09-13 00:15:52.610 [info] > git status -z -uall [8ms]
2023-09-13 00:15:55.697 [info] > git config --get commit.template [20ms]
2023-09-13 00:15:55.698 [info] > git for-each-ref --format=%(refname)%00%(upstream:short)%00%(objectname)%00%(upstream:track)%00%(upstream:remotename)%00%(upstream:remoteref) refs/heads/main refs/remotes/main [3ms]
2023-09-13 00:15:55.767 [info] > git status -z -uall [54ms]
2023-09-13 00:16:00.868 [info] > git config --get commit.template [19ms]
2023-09-13 00:16:00.869 [info] > git for-each-ref --format=%(refname)%00%(upstream:short)%00%(objectname)%00%(upstream:track)%00%(upstream:remotename)%00%(upstream:remoteref) refs/heads/main refs/remotes/main [2ms]
2023-09-13 00:16:00.935 [info] > git status -z -uall [51ms]
2023-09-13 00:16:22.783 [info] > git config --get commit.template [19ms]
2023-09-13 00:16:22.785 [info] > git for-each-ref --format=%(refname)%00%(upstream:short)%00%(objectname)%00%(upstream:track)%00%(upstream:remotename)%00%(upstream:remoteref) refs/heads/main refs/remotes/main [2ms]
2023-09-13 00:16:22.846 [info] > git status -z -uall [48ms]
2023-09-13 00:16:29.508 [info] > git config --get commit.template [16ms]
2023-09-13 00:16:29.509 [info] > git for-each-ref --format=%(refname)%00%(upstream:short)%00%(objectname)%00%(upstream:track)%00%(upstream:remotename)%00%(upstream:remoteref) refs/heads/main refs/remotes/main [2ms]
2023-09-13 00:16:29.616 [info] > git status -z -uall [94ms]
